12/12/2015 03:24:26.840 - [apidemo.PositionOrderAdapter.position] - [INFO] - position update:ES FOP GLOBEX 20160115 2030.0 Call
12/12/2015 03:24:26.863 - [apidemo.TopModel.addRow] - [INFO] - requested market data for:ES FOP GLOBEX 20160115 2030.0 Call
12/12/2015 03:24:26.870 - [apidemo.PositionOrderAdapter.position] - [INFO] - position update:ES FOP GLOBEX 20160219 2100.0 Call
12/12/2015 03:24:26.872 - [apidemo.TopModel.addRow] - [INFO] - requested market data for:ES FOP GLOBEX 20160219 2100.0 Call
12/12/2015 03:24:26.877 - [apidemo.PositionOrderAdapter.position] - [INFO] - position update:YHOO STK GLOBEX 
12/12/2015 03:24:26.879 - [apidemo.TopModel.addRow] - [INFO] - requested market data for:YHOO STK GLOBEX 
12/12/2015 03:24:26.884 - [apidemo.PositionOrderAdapter.position] - [INFO] - position update:INTC STK GLOBEX 
12/12/2015 03:24:26.886 - [apidemo.TopModel.addRow] - [INFO] - requested market data for:INTC STK GLOBEX 
12/12/2015 03:24:31.410 - [apidemo.ApiDemo$ConnectionPanel.actionPerformed] - [INFO] - 2015/12/11-17:01:00
12/12/2015 03:24:31.412 - [apidemo.ApiDemo$ConnectionPanel.actionPerformed] - [INFO] - 2015/12/12-15:14:00
12/12/2015 03:24:46.711 - [apidemo.AccountInfoPanel$MarginModel.setValueAt] - [INFO] - 1.0E7
12/12/2015 03:26:51.407 - [apidemo.AccountInfoPanel$MarginModel.handle] - [INFO] - below the account limited: 1.0E7
12/12/2015 03:26:51.410 - [apidemo.AccountInfoPanel$MarginModel.handle] - [INFO] - ES FOP GLOBEX 20160219 2100.0 Call:5
12/12/2015 03:26:51.496 - [apidemo.AccountInfoPanel$MarginModel.handle] - [INFO] - INTC STK NASDAQ :100
12/12/2015 03:26:51.499 - [apidemo.AccountInfoPanel$MarginModel.handle] - [INFO] - YHOO STK NASDAQ :-100
12/12/2015 03:26:52.239 - [apidemo.PositionOrderAdapter.position] - [INFO] - position update:ES FOP GLOBEX 20160219 2100.0 Call
12/12/2015 03:30:12.579 - [apidemo.PositionOrderAdapter.position] - [INFO] - position update:ES FOP GLOBEX 20160115 2030.0 Call
12/12/2015 03:30:25.573 - [apidemo.PositionOrderAdapter.position] - [INFO] - position update:ES FOP GLOBEX 20160219 2100.0 Call
12/12/2015 03:30:43.796 - [apidemo.AccountInfoPanel$MarginModel.setValueAt] - [INFO] - 1000000.0
12/12/2015 03:31:44.079 - [apidemo.PositionOrderAdapter.position] - [INFO] - position update:ES FOP GLOBEX 20160115 2030.0 Call
12/12/2015 03:31:44.081 - [apidemo.PositionOrderAdapter.position] - [INFO] - position update:ES FOP GLOBEX 20160219 2100.0 Call
12/12/2015 03:33:28.336 - [apidemo.AccountInfoPanel$MarginModel.handle] - [INFO] - below the account limited: 1000000.0
12/12/2015 03:33:28.337 - [apidemo.AccountInfoPanel$MarginModel.handle] - [INFO] - ES FOP GLOBEX 20160219 2100.0 Call:-6
12/12/2015 03:33:28.339 - [apidemo.AccountInfoPanel$MarginModel.handle] - [INFO] - INTC STK NASDAQ :100
12/12/2015 03:33:28.341 - [apidemo.AccountInfoPanel$MarginModel.handle] - [INFO] - YHOO STK NASDAQ :-100
12/12/2015 03:33:29.019 - [apidemo.PositionOrderAdapter.position] - [INFO] - position update:ES FOP GLOBEX 20160219 2100.0 Call
12/12/2015 03:36:35.028 - [apidemo.PositionOrderAdapter.position] - [INFO] - position update:ES FOP GLOBEX 20160115 2030.0 Call
12/12/2015 03:36:58.996 - [apidemo.PositionOrderAdapter.position] - [INFO] - position update:ES FOP GLOBEX 20160219 2100.0 Call
12/12/2015 03:37:21.431 - [apidemo.PositionOrderAdapter.position] - [INFO] - position update:ES FOP GLOBEX 20160115 2030.0 Call
12/12/2015 03:37:33.891 - [apidemo.PositionOrderAdapter.position] - [INFO] - position update:ES FOP GLOBEX 20160115 2030.0 Call
12/12/2015 03:37:33.892 - [apidemo.PositionOrderAdapter.position] - [INFO] - position update:ES FOP GLOBEX 20160219 2100.0 Call
